android/app/build/intermediates/manifest_merge_blame_file/debug/manifest-merger-blame-debug-report.txt
1<?xml version="1.0" encoding="utf-8"?>
2<manifest xmlns:android="http://schemas.android.com/apk/res/android"
3    package="com.pypecrm.app"
4    android:versionCode="1"
5    android:versionName="1.0" >
6
7    <uses-sdk
8        android:minSdkVersion="21"
9        android:targetSdkVersion="34" />
10
11    <!-- Package visibility for Android 11+ -->
12    <queries>
12-->src/main/AndroidManifest.xml:6:5-20:15
13        <package android:name="com.whatsapp" />
13-->src/main/AndroidManifest.xml:7:9-48
13-->src/main/AndroidManifest.xml:7:18-45
14
15        <intent>
15-->src/main/AndroidManifest.xml:8:9-11:18
16            <action android:name="android.intent.action.VIEW" />
16-->src/main/AndroidManifest.xml:9:13-65
16-->src/main/AndroidManifest.xml:9:21-62
17
18            <data android:scheme="whatsapp" />
18-->src/main/AndroidManifest.xml:10:13-47
18-->src/main/AndroidManifest.xml:10:19-44
19        </intent>
20        <intent>
20-->src/main/AndroidManifest.xml:12:9-15:18
21            <action android:name="android.intent.action.VIEW" />
21-->src/main/AndroidManifest.xml:9:13-65
21-->src/main/AndroidManifest.xml:9:21-62
22
23            <data android:scheme="tel" />
23-->src/main/AndroidManifest.xml:10:13-47
23-->src/main/AndroidManifest.xml:10:19-44
24        </intent>
25        <intent>
25-->src/main/AndroidManifest.xml:16:9-19:18
26            <action android:name="android.intent.action.VIEW" />
26-->src/main/AndroidManifest.xml:9:13-65
26-->src/main/AndroidManifest.xml:9:21-62
27
28            <data android:scheme="mailto" />
28-->src/main/AndroidManifest.xml:10:13-47
28-->src/main/AndroidManifest.xml:10:19-44
29        </intent>
30    </queries>
31
32    <!-- Permissions required for webview and core app function -->
33    <uses-permission android:name="android.permission.INTERNET" />
33-->src/main/AndroidManifest.xml:23:5-67
33-->src/main/AndroidManifest.xml:23:22-64
34    <uses-permission android:name="android.permission.ACCESS_NETWORK_STATE" />
34-->src/main/AndroidManifest.xml:24:5-79
34-->src/main/AndroidManifest.xml:24:22-76
35    <uses-permission android:name="android.permission.ACCESS_FINE_LOCATION" />
35-->src/main/AndroidManifest.xml:25:5-79
35-->src/main/AndroidManifest.xml:25:22-76
36    <uses-permission android:name="android.permission.ACCESS_COARSE_LOCATION" />
36-->src/main/AndroidManifest.xml:26:5-81
36-->src/main/AndroidManifest.xml:26:22-78
37
38    <!-- Permissions required for call recording -->
39    <uses-permission android:name="android.permission.RECORD_AUDIO" />
39-->src/main/AndroidManifest.xml:29:5-71
39-->src/main/AndroidManifest.xml:29:22-68
40    <uses-permission android:name="android.permission.MODIFY_AUDIO_SETTINGS" /> <!-- To force speakerphone -->
40-->src/main/AndroidManifest.xml:30:5-80
40-->src/main/AndroidManifest.xml:30:22-77
41
42
43    <!-- Optional: Read phone state to know caller ID natively if needed in future -->
44    <uses-permission android:name="android.permission.READ_PHONE_STATE" />
44-->src/main/AndroidManifest.xml:33:5-75
44-->src/main/AndroidManifest.xml:33:22-72
45    <uses-permission android:name="android.permission.CALL_PHONE" />
45-->src/main/AndroidManifest.xml:34:5-69
45-->src/main/AndroidManifest.xml:34:22-66
46    <uses-permission android:name="android.permission.PROCESS_OUTGOING_CALLS" />
46-->src/main/AndroidManifest.xml:35:5-81
46-->src/main/AndroidManifest.xml:35:22-78
47    <uses-permission android:name="android.permission.READ_CALL_LOG" />
47-->src/main/AndroidManifest.xml:36:5-72
47-->src/main/AndroidManifest.xml:36:22-69
48    <uses-permission android:name="android.permission.POST_NOTIFICATIONS" />
48-->src/main/AndroidManifest.xml:37:5-77
48-->src/main/AndroidManifest.xml:37:22-74
49    <uses-permission android:name="android.permission.RECEIVE_BOOT_COMPLETED" />
49-->src/main/AndroidManifest.xml:38:5-81
49-->src/main/AndroidManifest.xml:38:22-78
50    <uses-permission android:name="android.permission.FOREGROUND_SERVICE" />
50-->src/main/AndroidManifest.xml:39:5-77
50-->src/main/AndroidManifest.xml:39:22-74
51    <uses-permission android:name="android.permission.FOREGROUND_SERVICE_PHONE_CALL" />
51-->src/main/AndroidManifest.xml:40:5-88
51-->src/main/AndroidManifest.xml:40:22-85
52    <uses-permission android:name="android.permission.FOREGROUND_SERVICE_MICROPHONE" />
52-->src/main/AndroidManifest.xml:41:5-88
52-->src/main/AndroidManifest.xml:41:22-85
53    <uses-permission android:name="android.permission.FOREGROUND_SERVICE_DATA_SYNC" />
53-->src/main/AndroidManifest.xml:42:5-87
53-->src/main/AndroidManifest.xml:42:22-84
54    <uses-permission android:name="android.permission.FOREGROUND_SERVICE_SPECIAL_USE" />
54-->src/main/AndroidManifest.xml:43:5-89
54-->src/main/AndroidManifest.xml:43:22-86
55    <uses-permission android:name="android.permission.WAKE_LOCK" />
55-->src/main/AndroidManifest.xml:44:5-68
55-->src/main/AndroidManifest.xml:44:22-65
56    <uses-permission android:name="android.permission.REQUEST_IGNORE_BATTERY_OPTIMIZATIONS" />
56-->src/main/AndroidManifest.xml:45:5-95
56-->src/main/AndroidManifest.xml:45:22-92
57
58    <permission
58-->[androidx.core:core:1.13.1] AndroidManifest.xml:22:5-24:47
59        android:name="com.pypecrm.app.DYNAMIC_RECEIVER_NOT_EXPORTED_PERMISSION"
59-->[androidx.core:core:1.13.1] AndroidManifest.xml:23:9-81
60        android:protectionLevel="signature" />
60-->[androidx.core:core:1.13.1] AndroidManifest.xml:24:9-44
61
62    <uses-permission android:name="com.pypecrm.app.DYNAMIC_RECEIVER_NOT_EXPORTED_PERMISSION" />
62-->[androidx.core:core:1.13.1] AndroidManifest.xml:26:5-97
62-->[androidx.core:core:1.13.1] AndroidManifest.xml:26:22-94
63
64    <application
64-->src/main/AndroidManifest.xml:47:5-109:19
65        android:allowBackup="true"
65-->src/main/AndroidManifest.xml:48:9-35
66        android:appComponentFactory="androidx.core.app.CoreComponentFactory"
66-->[androidx.core:core:1.13.1] AndroidManifest.xml:28:18-86
67        android:debuggable="true"
68        android:extractNativeLibs="true"
69        android:icon="@mipmap/ic_launcher"
69-->src/main/AndroidManifest.xml:49:9-43
70        android:label="@string/app_name"
70-->src/main/AndroidManifest.xml:51:9-41
71        android:roundIcon="@mipmap/ic_launcher_round"
71-->src/main/AndroidManifest.xml:50:9-54
72        android:supportsRtl="true"
72-->src/main/AndroidManifest.xml:52:9-35
73        android:theme="@style/Theme.MaterialComponents.DayNight.NoActionBar"
73-->src/main/AndroidManifest.xml:53:9-77
74        android:usesCleartextTraffic="true" > <!-- If testing on local IP HTTP -->
74-->src/main/AndroidManifest.xml:54:9-44
75
76        <activity
76-->src/main/AndroidManifest.xml:56:9-64:20
77            android:name="com.pypecrm.app.MainActivity"
77-->src/main/AndroidManifest.xml:57:13-41
78            android:exported="true"
78-->src/main/AndroidManifest.xml:59:13-36
79            android:theme="@style/Theme.MaterialComponents.DayNight.NoActionBar" >
79-->src/main/AndroidManifest.xml:58:13-81
80            <intent-filter>
80-->src/main/AndroidManifest.xml:60:13-63:29
81                <action android:name="android.intent.action.MAIN" />
81-->src/main/AndroidManifest.xml:61:17-69
81-->src/main/AndroidManifest.xml:61:25-66
82
83                <category android:name="android.intent.category.LAUNCHER" />
83-->src/main/AndroidManifest.xml:62:17-77
83-->src/main/AndroidManifest.xml:62:27-74
84            </intent-filter>
85        </activity>
86
87        <!-- Notification Listener Service for WhatsApp Background Scraping -->
88        <service
88-->src/main/AndroidManifest.xml:67:9-74:19
89            android:name="com.pypecrm.app.services.WhatsAppNotificationListener"
89-->src/main/AndroidManifest.xml:67:18-71
90            android:exported="true"
90-->src/main/AndroidManifest.xml:70:13-36
91            android:label="CRM WhatsApp Sync"
91-->src/main/AndroidManifest.xml:68:13-46
92            android:permission="android.permission.BIND_NOTIFICATION_LISTENER_SERVICE" >
92-->src/main/AndroidManifest.xml:69:13-87
93            <intent-filter>
93-->src/main/AndroidManifest.xml:71:13-73:29
94                <action android:name="android.service.notification.NotificationListenerService" />
94-->src/main/AndroidManifest.xml:72:17-99
94-->src/main/AndroidManifest.xml:72:25-96
95            </intent-filter>
96        </service>
97
98        <!-- Accessibility Service Declaration -->
99        <service
99-->src/main/AndroidManifest.xml:77:9-88:19
100            android:name="com.pypecrm.app.services.CallAccessibilityService"
100-->src/main/AndroidManifest.xml:78:13-62
101            android:exported="true"
101-->src/main/AndroidManifest.xml:81:13-36
102            android:label="CRM Call Recorder Integration"
102-->src/main/AndroidManifest.xml:79:13-58
103            android:permission="android.permission.BIND_ACCESSIBILITY_SERVICE" >
103-->src/main/AndroidManifest.xml:80:13-79
104            <intent-filter>
104-->src/main/AndroidManifest.xml:82:13-84:29
105                <action android:name="android.accessibilityservice.AccessibilityService" />
105-->src/main/AndroidManifest.xml:83:17-92
105-->src/main/AndroidManifest.xml:83:25-89
106            </intent-filter>
107
108            <meta-data
108-->src/main/AndroidManifest.xml:85:13-87:72
109                android:name="android.accessibilityservice"
109-->src/main/AndroidManifest.xml:86:17-60
110                android:resource="@xml/accessibility_service_config" />
110-->src/main/AndroidManifest.xml:87:17-69
111        </service>
112
113        <receiver
113-->src/main/AndroidManifest.xml:90:9-97:20
114            android:name="com.pypecrm.app.services.CallStateReceiver"
114-->src/main/AndroidManifest.xml:90:19-61
115            android:exported="true" >
115-->src/main/AndroidManifest.xml:90:62-85
116            <intent-filter>
116-->src/main/AndroidManifest.xml:91:13-96:29
117                <action android:name="android.intent.action.PHONE_STATE" />
117-->src/main/AndroidManifest.xml:92:17-76
117-->src/main/AndroidManifest.xml:92:25-73
118                <action android:name="android.intent.action.NEW_OUTGOING_CALL" />
118-->src/main/AndroidManifest.xml:93:17-82
118-->src/main/AndroidManifest.xml:93:25-79
119                <action android:name="android.intent.action.BOOT_COMPLETED" />
119-->src/main/AndroidManifest.xml:94:17-79
119-->src/main/AndroidManifest.xml:94:25-76
120                <action android:name="android.intent.action.QUICKBOOT_POWERON" />
120-->src/main/AndroidManifest.xml:95:17-82
120-->src/main/AndroidManifest.xml:95:25-79
121            </intent-filter>
122        </receiver>
123
124        <service
124-->src/main/AndroidManifest.xml:99:9-102:40
125            android:name="com.pypecrm.app.services.CallTrackerService"
125-->src/main/AndroidManifest.xml:100:13-56
126            android:exported="false"
126-->src/main/AndroidManifest.xml:102:13-37
127            android:foregroundServiceType="phoneCall|microphone" />
127-->src/main/AndroidManifest.xml:101:13-65
128        <service
128-->src/main/AndroidManifest.xml:104:9-107:40
129            android:name="com.pypecrm.app.services.BackgroundSyncService"
129-->src/main/AndroidManifest.xml:105:13-59
130            android:exported="false"
130-->src/main/AndroidManifest.xml:107:13-37
131            android:foregroundServiceType="dataSync" />
131-->src/main/AndroidManifest.xml:106:13-53
132
133        <provider
133-->[androidx.emoji2:emoji2:1.2.0] AndroidManifest.xml:24:9-32:20
134            android:name="androidx.startup.InitializationProvider"
134-->[androidx.emoji2:emoji2:1.2.0] AndroidManifest.xml:25:13-67
135            android:authorities="com.pypecrm.app.androidx-startup"
135-->[androidx.emoji2:emoji2:1.2.0] AndroidManifest.xml:26:13-68
136            android:exported="false" >
136-->[androidx.emoji2:emoji2:1.2.0] AndroidManifest.xml:27:13-37
137            <meta-data
137-->[androidx.emoji2:emoji2:1.2.0] AndroidManifest.xml:29:13-31:52
138                android:name="androidx.emoji2.text.EmojiCompatInitializer"
138-->[androidx.emoji2:emoji2:1.2.0] AndroidManifest.xml:30:17-75
139                android:value="androidx.startup" />
139-->[androidx.emoji2:emoji2:1.2.0] AndroidManifest.xml:31:17-49
140            <meta-data
140-->[androidx.work:work-runtime:2.9.0] AndroidManifest.xml:34:13-36:52
141                android:name="androidx.work.WorkManagerInitializer"
141-->[androidx.work:work-runtime:2.9.0] AndroidManifest.xml:35:17-68
142                android:value="androidx.startup" />
142-->[androidx.work:work-runtime:2.9.0] AndroidManifest.xml:36:17-49
143            <meta-data
143-->[androidx.lifecycle:lifecycle-process:2.6.2] AndroidManifest.xml:29:13-31:52
144                android:name="androidx.lifecycle.ProcessLifecycleInitializer"
144-->[androidx.lifecycle:lifecycle-process:2.6.2] AndroidManifest.xml:30:17-78
145                android:value="androidx.startup" />
145-->[androidx.lifecycle:lifecycle-process:2.6.2] AndroidManifest.xml:31:17-49
146            <meta-data
146-->[androidx.profileinstaller:profileinstaller:1.3.0] AndroidManifest.xml:29:13-31:52
147                android:name="androidx.profileinstaller.ProfileInstallerInitializer"
147-->[androidx.profileinstaller:profileinstaller:1.3.0] AndroidManifest.xml:30:17-85
148                android:value="androidx.startup" />
148-->[androidx.profileinstaller:profileinstaller:1.3.0] AndroidManifest.xml:31:17-49
149        </provider>
150
151        <service
151-->[androidx.work:work-runtime:2.9.0] AndroidManifest.xml:39:9-45:35
152            android:name="androidx.work.impl.background.systemalarm.SystemAlarmService"
152-->[androidx.work:work-runtime:2.9.0] AndroidManifest.xml:40:13-88
153            android:directBootAware="false"
153-->[androidx.work:work-runtime:2.9.0] AndroidManifest.xml:41:13-44
154            android:enabled="@bool/enable_system_alarm_service_default"
154-->[androidx.work:work-runtime:2.9.0] AndroidManifest.xml:42:13-72
155            android:exported="false" />
155-->[androidx.work:work-runtime:2.9.0] AndroidManifest.xml:43:13-37
156        <service
156-->[androidx.work:work-runtime:2.9.0] AndroidManifest.xml:46:9-52:35
157            android:name="androidx.work.impl.background.systemjob.SystemJobService"
157-->[androidx.work:work-runtime:2.9.0] AndroidManifest.xml:47:13-84
158            android:directBootAware="false"
158-->[androidx.work:work-runtime:2.9.0] AndroidManifest.xml:48:13-44
159            android:enabled="@bool/enable_system_job_service_default"
159-->[androidx.work:work-runtime:2.9.0] AndroidManifest.xml:49:13-70
160            android:exported="true"
160-->[androidx.work:work-runtime:2.9.0] AndroidManifest.xml:50:13-36
161            android:permission="android.permission.BIND_JOB_SERVICE" />
161-->[androidx.work:work-runtime:2.9.0] AndroidManifest.xml:51:13-69
162        <service
162-->[androidx.work:work-runtime:2.9.0] AndroidManifest.xml:53:9-59:35
163            android:name="androidx.work.impl.foreground.SystemForegroundService"
163-->[androidx.work:work-runtime:2.9.0] AndroidManifest.xml:54:13-81
164            android:directBootAware="false"
164-->[androidx.work:work-runtime:2.9.0] AndroidManifest.xml:55:13-44
165            android:enabled="@bool/enable_system_foreground_service_default"
165-->[androidx.work:work-runtime:2.9.0] AndroidManifest.xml:56:13-77
166            android:exported="false" />
166-->[androidx.work:work-runtime:2.9.0] AndroidManifest.xml:57:13-37
167
168        <receiver
168-->[androidx.work:work-runtime:2.9.0] AndroidManifest.xml:61:9-66:35
169            android:name="androidx.work.impl.utils.ForceStopRunnable$BroadcastReceiver"
169-->[androidx.work:work-runtime:2.9.0] AndroidManifest.xml:62:13-88
170            android:directBootAware="false"
170-->[androidx.work:work-runtime:2.9.0] AndroidManifest.xml:63:13-44
171            android:enabled="true"
171-->[androidx.work:work-runtime:2.9.0] AndroidManifest.xml:64:13-35
172            android:exported="false" />
172-->[androidx.work:work-runtime:2.9.0] AndroidManifest.xml:65:13-37
173        <receiver
173-->[androidx.work:work-runtime:2.9.0] AndroidManifest.xml:67:9-77:20
174            android:name="androidx.work.impl.background.systemalarm.ConstraintProxy$BatteryChargingProxy"
174-->[androidx.work:work-runtime:2.9.0] AndroidManifest.xml:68:13-106
175            android:directBootAware="false"
175-->[androidx.work:work-runtime:2.9.0] AndroidManifest.xml:69:13-44
176            android:enabled="false"
176-->[androidx.work:work-runtime:2.9.0] AndroidManifest.xml:70:13-36
177            android:exported="false" >
177-->[androidx.work:work-runtime:2.9.0] AndroidManifest.xml:71:13-37
178            <intent-filter>
178-->[androidx.work:work-runtime:2.9.0] AndroidManifest.xml:73:13-76:29
179                <action android:name="android.intent.action.ACTION_POWER_CONNECTED" />
179-->[androidx.work:work-runtime:2.9.0] AndroidManifest.xml:74:17-87
179-->[androidx.work:work-runtime:2.9.0] AndroidManifest.xml:74:25-84
180                <action android:name="android.intent.action.ACTION_POWER_DISCONNECTED" />
180-->[androidx.work:work-runtime:2.9.0] AndroidManifest.xml:75:17-90
180-->[androidx.work:work-runtime:2.9.0] AndroidManifest.xml:75:25-87
181            </intent-filter>
182        </receiver>
183        <receiver
183-->[androidx.work:work-runtime:2.9.0] AndroidManifest.xml:78:9-88:20
184            android:name="androidx.work.impl.background.systemalarm.ConstraintProxy$BatteryNotLowProxy"
184-->[androidx.work:work-runtime:2.9.0] AndroidManifest.xml:79:13-104
185            android:directBootAware="false"
185-->[androidx.work:work-runtime:2.9.0] AndroidManifest.xml:80:13-44
186            android:enabled="false"
186-->[androidx.work:work-runtime:2.9.0] AndroidManifest.xml:81:13-36
187            android:exported="false" >
187-->[androidx.work:work-runtime:2.9.0] AndroidManifest.xml:82:13-37
188            <intent-filter>
188-->[androidx.work:work-runtime:2.9.0] AndroidManifest.xml:84:13-87:29
189                <action android:name="android.intent.action.BATTERY_OKAY" />
189-->[androidx.work:work-runtime:2.9.0] AndroidManifest.xml:85:17-77
189-->[androidx.work:work-runtime:2.9.0] AndroidManifest.xml:85:25-74
190                <action android:name="android.intent.action.BATTERY_LOW" />
190-->[androidx.work:work-runtime:2.9.0] AndroidManifest.xml:86:17-76
190-->[androidx.work:work-runtime:2.9.0] AndroidManifest.xml:86:25-73
191            </intent-filter>
192        </receiver>
193        <receiver
193-->[androidx.work:work-runtime:2.9.0] AndroidManifest.xml:89:9-99:20
194            android:name="androidx.work.impl.background.systemalarm.ConstraintProxy$StorageNotLowProxy"
194-->[androidx.work:work-runtime:2.9.0] AndroidManifest.xml:90:13-104
195            android:directBootAware="false"
195-->[androidx.work:work-runtime:2.9.0] AndroidManifest.xml:91:13-44
196            android:enabled="false"
196-->[androidx.work:work-runtime:2.9.0] AndroidManifest.xml:92:13-36
197            android:exported="false" >
197-->[androidx.work:work-runtime:2.9.0] AndroidManifest.xml:93:13-37
198            <intent-filter>
198-->[androidx.work:work-runtime:2.9.0] AndroidManifest.xml:95:13-98:29
199                <action android:name="android.intent.action.DEVICE_STORAGE_LOW" />
199-->[androidx.work:work-runtime:2.9.0] AndroidManifest.xml:96:17-83
199-->[androidx.work:work-runtime:2.9.0] AndroidManifest.xml:96:25-80
200                <action android:name="android.intent.action.DEVICE_STORAGE_OK" />
200-->[androidx.work:work-runtime:2.9.0] AndroidManifest.xml:97:17-82
200-->[androidx.work:work-runtime:2.9.0] AndroidManifest.xml:97:25-79
201            </intent-filter>
202        </receiver>
203        <receiver
203-->[androidx.work:work-runtime:2.9.0] AndroidManifest.xml:100:9-109:20
204            android:name="androidx.work.impl.background.systemalarm.ConstraintProxy$NetworkStateProxy"
204-->[androidx.work:work-runtime:2.9.0] AndroidManifest.xml:101:13-103
205            android:directBootAware="false"
205-->[androidx.work:work-runtime:2.9.0] AndroidManifest.xml:102:13-44
206            android:enabled="false"
206-->[androidx.work:work-runtime:2.9.0] AndroidManifest.xml:103:13-36
207            android:exported="false" >
207-->[androidx.work:work-runtime:2.9.0] AndroidManifest.xml:104:13-37
208            <intent-filter>
208-->[androidx.work:work-runtime:2.9.0] AndroidManifest.xml:106:13-108:29
209                <action android:name="android.net.conn.CONNECTIVITY_CHANGE" />
209-->[androidx.work:work-runtime:2.9.0] AndroidManifest.xml:107:17-79
209-->[androidx.work:work-runtime:2.9.0] AndroidManifest.xml:107:25-76
210            </intent-filter>
211        </receiver>
212        <receiver
212-->[androidx.work:work-runtime:2.9.0] AndroidManifest.xml:110:9-121:20
213            android:name="androidx.work.impl.background.systemalarm.RescheduleReceiver"
213-->[androidx.work:work-runtime:2.9.0] AndroidManifest.xml:111:13-88
214            android:directBootAware="false"
214-->[androidx.work:work-runtime:2.9.0] AndroidManifest.xml:112:13-44
215            android:enabled="false"
215-->[androidx.work:work-runtime:2.9.0] AndroidManifest.xml:113:13-36
216            android:exported="false" >
216-->[androidx.work:work-runtime:2.9.0] AndroidManifest.xml:114:13-37
217            <intent-filter>
217-->[androidx.work:work-runtime:2.9.0] AndroidManifest.xml:116:13-120:29
218                <action android:name="android.intent.action.BOOT_COMPLETED" />
218-->src/main/AndroidManifest.xml:94:17-79
218-->src/main/AndroidManifest.xml:94:25-76
219                <action android:name="android.intent.action.TIME_SET" />
219-->[androidx.work:work-runtime:2.9.0] AndroidManifest.xml:118:17-73
219-->[androidx.work:work-runtime:2.9.0] AndroidManifest.xml:118:25-70
220                <action android:name="android.intent.action.TIMEZONE_CHANGED" />
220-->[androidx.work:work-runtime:2.9.0] AndroidManifest.xml:119:17-81
220-->[androidx.work:work-runtime:2.9.0] AndroidManifest.xml:119:25-78
221            </intent-filter>
222        </receiver>
223        <receiver
223-->[androidx.work:work-runtime:2.9.0] AndroidManifest.xml:122:9-131:20
224            android:name="androidx.work.impl.background.systemalarm.ConstraintProxyUpdateReceiver"
224-->[androidx.work:work-runtime:2.9.0] AndroidManifest.xml:123:13-99
225            android:directBootAware="false"
225-->[androidx.work:work-runtime:2.9.0] AndroidManifest.xml:124:13-44
226            android:enabled="@bool/enable_system_alarm_service_default"
226-->[androidx.work:work-runtime:2.9.0] AndroidManifest.xml:125:13-72
227            android:exported="false" >
227-->[androidx.work:work-runtime:2.9.0] AndroidManifest.xml:126:13-37
228            <intent-filter>
228-->[androidx.work:work-runtime:2.9.0] AndroidManifest.xml:128:13-130:29
229                <action android:name="androidx.work.impl.background.systemalarm.UpdateProxies" />
229-->[androidx.work:work-runtime:2.9.0] AndroidManifest.xml:129:17-98
229-->[androidx.work:work-runtime:2.9.0] AndroidManifest.xml:129:25-95
230            </intent-filter>
231        </receiver>
232        <receiver
232-->[androidx.work:work-runtime:2.9.0] AndroidManifest.xml:132:9-142:20
233            android:name="androidx.work.impl.diagnostics.DiagnosticsReceiver"
233-->[androidx.work:work-runtime:2.9.0] AndroidManifest.xml:133:13-78
234            android:directBootAware="false"
234-->[androidx.work:work-runtime:2.9.0] AndroidManifest.xml:134:13-44
235            android:enabled="true"
235-->[androidx.work:work-runtime:2.9.0] AndroidManifest.xml:135:13-35
236            android:exported="true"
236-->[androidx.work:work-runtime:2.9.0] AndroidManifest.xml:136:13-36
237            android:permission="android.permission.DUMP" >
237-->[androidx.work:work-runtime:2.9.0] AndroidManifest.xml:137:13-57
238            <intent-filter>
238-->[androidx.work:work-runtime:2.9.0] AndroidManifest.xml:139:13-141:29
239                <action android:name="androidx.work.diagnostics.REQUEST_DIAGNOSTICS" />
239-->[androidx.work:work-runtime:2.9.0] AndroidManifest.xml:140:17-88
239-->[androidx.work:work-runtime:2.9.0] AndroidManifest.xml:140:25-85
240            </intent-filter>
241        </receiver>
242
243        <service
243-->[androidx.room:room-runtime:2.6.1] AndroidManifest.xml:24:9-28:63
244            android:name="androidx.room.MultiInstanceInvalidationService"
244-->[androidx.room:room-runtime:2.6.1] AndroidManifest.xml:25:13-74
245            android:directBootAware="true"
245-->[androidx.room:room-runtime:2.6.1] AndroidManifest.xml:26:13-43
246            android:exported="false" />
246-->[androidx.room:room-runtime:2.6.1] AndroidManifest.xml:27:13-37
247
248        <receiver
248-->[androidx.profileinstaller:profileinstaller:1.3.0] AndroidManifest.xml:34:9-52:20
249            android:name="androidx.profileinstaller.ProfileInstallReceiver"
249-->[androidx.profileinstaller:profileinstaller:1.3.0] AndroidManifest.xml:35:13-76
250            android:directBootAware="false"
250-->[androidx.profileinstaller:profileinstaller:1.3.0] AndroidManifest.xml:36:13-44
251            android:enabled="true"
251-->[androidx.profileinstaller:profileinstaller:1.3.0] AndroidManifest.xml:37:13-35
252            android:exported="true"
252-->[androidx.profileinstaller:profileinstaller:1.3.0] AndroidManifest.xml:38:13-36
253            android:permission="android.permission.DUMP" >
253-->[androidx.profileinstaller:profileinstaller:1.3.0] AndroidManifest.xml:39:13-57
254            <intent-filter>
254-->[androidx.profileinstaller:profileinstaller:1.3.0] AndroidManifest.xml:40:13-42:29
255                <action android:name="androidx.profileinstaller.action.INSTALL_PROFILE" />
255-->[androidx.profileinstaller:profileinstaller:1.3.0] AndroidManifest.xml:41:17-91
255-->[androidx.profileinstaller:profileinstaller:1.3.0] AndroidManifest.xml:41:25-88
256            </intent-filter>
257            <intent-filter>
257-->[androidx.profileinstaller:profileinstaller:1.3.0] AndroidManifest.xml:43:13-45:29
258                <action android:name="androidx.profileinstaller.action.SKIP_FILE" />
258-->[androidx.profileinstaller:profileinstaller:1.3.0] AndroidManifest.xml:44:17-85
258-->[androidx.profileinstaller:profileinstaller:1.3.0] AndroidManifest.xml:44:25-82
259            </intent-filter>
260            <intent-filter>
260-->[androidx.profileinstaller:profileinstaller:1.3.0] AndroidManifest.xml:46:13-48:29
261                <action android:name="androidx.profileinstaller.action.SAVE_PROFILE" />
261-->[androidx.profileinstaller:profileinstaller:1.3.0] AndroidManifest.xml:47:17-88
261-->[androidx.profileinstaller:profileinstaller:1.3.0] AndroidManifest.xml:47:25-85
262            </intent-filter>
263            <intent-filter>
263-->[androidx.profileinstaller:profileinstaller:1.3.0] AndroidManifest.xml:49:13-51:29
264                <action android:name="androidx.profileinstaller.action.BENCHMARK_OPERATION" />
264-->[androidx.profileinstaller:profileinstaller:1.3.0] AndroidManifest.xml:50:17-95
264-->[androidx.profileinstaller:profileinstaller:1.3.0] AndroidManifest.xml:50:25-92
265            </intent-filter>
266        </receiver>
267    </application>
268
269</manifest>